2023-06-27 17:07:58,881 - INFO - 启动网站内容安全智能监控系统
2023-06-27 17:07:58,881 - INFO - 提取URL中的域名作为文件夹名称
2023-06-27 17:07:58,882 - INFO - 创建域名文件夹
2023-06-27 17:07:59,070 - INFO - 获取网页HASH值
2023-06-27 17:07:59,071 - INFO - 保存当前的HASH值到文件
2023-06-27 17:07:59,071 - INFO - 创建时间和HASH值命名的文件夹
2023-06-27 17:07:59,264 - INFO - 保存源码文件
2023-06-27 17:07:59,265 - INFO - 保存文本文件
2023-06-27 17:07:59,272 - INFO - 进行敏感词检测
2023-06-27 17:07:59,272 - INFO - 加载敏感词列表
2023-06-27 17:07:59,272 - INFO - 开始检测敏感词
2023-06-27 17:07:59,273 - INFO - 千与千寻: 15 次
2023-06-27 17:07:59,273 - INFO - 千: 46 次
2023-06-27 17:07:59,273 - INFO - 介精: 2 次
2023-06-27 17:07:59,273 - INFO - 保存源码中的链接和网页中的所有链接
2023-06-27 17:07:59,277 - INFO - 开始检测暗链
2023-06-27 17:07:59,277 - INFO - 开始检测暗链
2023-06-27 17:07:59,278 - INFO - 读取暗链白名单列表
2023-06-27 17:07:59,278 - INFO - 检测到网站存在以下暗链地址：
https://show.2217sucai.com/preview/2240753/2021-08-12/%E5%8D%83%E4%B8%8E%E5%8D%83%E5%AF%BB/index.html#header
2023-06-27 17:07:59,278 - INFO - 开始获取网页内容
2023-06-27 17:07:59,278 - INFO - 检查HASH值并处理
2023-06-27 17:07:59,279 - INFO - 检测到新文件: report_20230627170759.txt
2023-06-27 17:08:00,183 - INFO - 告警邮件发送成功
2023-06-27 17:09:43,102 - INFO - 启动网站内容安全智能监控系统
2023-06-27 17:09:43,102 - INFO - 提取URL中的域名作为文件夹名称
2023-06-27 17:09:43,103 - INFO - 创建域名文件夹
2023-06-27 17:09:43,317 - INFO - 获取网页HASH值
2023-06-27 17:09:43,317 - INFO - 保存当前的HASH值到文件
2023-06-27 17:09:43,318 - INFO - 创建时间和HASH值命名的文件夹
2023-06-27 17:09:43,492 - INFO - 保存源码文件
2023-06-27 17:09:43,493 - INFO - 保存文本文件
2023-06-27 17:09:43,499 - INFO - 进行敏感词检测
2023-06-27 17:09:43,499 - INFO - 加载敏感词列表
2023-06-27 17:09:43,499 - INFO - 开始检测敏感词
2023-06-27 17:09:43,500 - INFO - 千与千寻: 15 次
2023-06-27 17:09:43,500 - INFO - 千: 46 次
2023-06-27 17:09:43,500 - INFO - 介精: 2 次
2023-06-27 17:09:43,500 - INFO - 保存源码中的链接和网页中的所有链接
2023-06-27 17:09:43,505 - INFO - 开始检测暗链
2023-06-27 17:09:43,505 - INFO - 开始检测暗链
2023-06-27 17:09:43,505 - INFO - 读取暗链白名单列表
2023-06-27 17:09:43,505 - INFO - 检测到网站存在以下暗链地址：
https://show.2217sucai.com/preview/2240753/2021-08-12/%E5%8D%83%E4%B8%8E%E5%8D%83%E5%AF%BB/index.html#header
2023-06-27 17:09:43,506 - INFO - 开始获取网页内容
2023-06-27 17:09:43,506 - INFO - 检查HASH值并处理
2023-06-27 17:09:43,507 - INFO - 检测到新文件: report_20230627170943.txt
2023-06-27 17:09:44,374 - INFO - 告警邮件发送成功
2023-06-27 17:12:44,024 - INFO - 启动网站内容安全智能监控系统
2023-06-27 17:12:44,024 - INFO - 提取URL中的域名作为文件夹名称
2023-06-27 17:12:44,230 - INFO - 获取网页HASH值
2023-06-27 17:12:44,231 - INFO - 检查HASH值并处理
2023-06-27 17:13:01,654 - INFO - 启动网站内容安全智能监控系统
2023-06-27 17:13:01,654 - INFO - 提取URL中的域名作为文件夹名称
2023-06-27 17:13:01,654 - INFO - 创建域名文件夹
2023-06-27 17:13:01,864 - INFO - 获取网页HASH值
2023-06-27 17:13:01,864 - INFO - 保存当前的HASH值到文件
2023-06-27 17:13:01,865 - INFO - 创建时间和HASH值命名的文件夹
2023-06-27 17:13:02,105 - INFO - 保存源码文件
2023-06-27 17:13:02,105 - INFO - 保存文本文件
2023-06-27 17:13:02,108 - INFO - 进行敏感词检测
2023-06-27 17:13:02,108 - INFO - 加载敏感词列表
2023-06-27 17:13:02,108 - INFO - 开始检测敏感词
2023-06-27 17:13:02,109 - INFO - 千与千寻: 15 次
2023-06-27 17:13:02,109 - INFO - 千: 46 次
2023-06-27 17:13:02,109 - INFO - 介精: 2 次
2023-06-27 17:13:02,109 - INFO - 保存源码中的链接和网页中的所有链接
2023-06-27 17:13:02,112 - INFO - 开始检测暗链
2023-06-27 17:13:02,112 - INFO - 开始检测暗链
2023-06-27 17:13:02,112 - INFO - 读取暗链白名单列表
2023-06-27 17:13:02,112 - INFO - 检测到网站存在以下暗链地址：
https://show.2217sucai.com/preview/2240753/2021-08-12/%E5%8D%83%E4%B8%8E%E5%8D%83%E5%AF%BB/index.html#header
2023-06-27 17:13:02,113 - INFO - 开始获取网页内容
2023-06-27 17:13:02,113 - INFO - 检查HASH值并处理
2023-06-27 17:13:02,113 - INFO - 检测到新文件: report_20230627171302.txt
2023-06-27 17:13:03,033 - INFO - 告警邮件发送成功
2023-06-27 17:18:17,196 - INFO - 启动网站内容安全智能监控系统
2023-06-27 17:18:17,196 - INFO - 开始监控http://120.76.55.186/w
2023-06-27 17:18:17,196 - INFO - 提取URL中的域名作为文件夹名称
2023-06-27 17:18:17,382 - INFO - 获取网页HASH值
2023-06-27 17:18:17,384 - INFO - 检查HASH值并处理
2023-06-27 17:19:47,284 - INFO - 启动网站内容安全智能监控系统
2023-06-27 17:19:47,285 - INFO - 开始监控http://120.76.55.186/w
2023-06-27 17:19:47,285 - INFO - 提取URL中的域名作为文件夹名称
2023-06-27 17:19:47,469 - INFO - 获取网页HASH值
2023-06-27 17:19:47,470 - INFO - 网站未变更，等待下次检测
2023-06-27 17:19:47,470 - INFO - 检查HASH值并处理
2023-06-27 17:21:26,116 - INFO - 启动网站内容安全智能监控系统
2023-06-27 17:21:26,116 - INFO - 开始监控http://120.76.55.186/w
2023-06-27 17:21:26,116 - INFO - 提取URL中的域名作为文件夹名称
2023-06-27 17:21:26,311 - INFO - 获取网页HASH值
2023-06-27 17:21:26,311 - INFO - 检查HASH值并处理
2023-06-27 17:21:26,312 - INFO - 网站未变更，等待下次检测
2023-06-27 17:21:43,883 - INFO - 启动网站内容安全智能监控系统
2023-06-27 17:21:43,883 - INFO - 开始监控http://120.76.55.186/w
2023-06-27 17:21:43,883 - INFO - 提取URL中的域名作为文件夹名称
2023-06-27 17:21:44,075 - INFO - 获取网页HASH值
2023-06-27 17:21:44,075 - INFO - 检查HASH值并处理
2023-06-27 17:21:44,076 - INFO - 网站未变更，等待下次检测
2023-06-27 17:21:47,270 - INFO - 获取网页HASH值
2023-06-27 17:21:47,271 - INFO - 检查HASH值并处理
2023-06-27 17:21:47,271 - INFO - 网站未变更，等待下次检测
2023-06-27 17:21:50,495 - INFO - 获取网页HASH值
2023-06-27 17:21:50,496 - INFO - 检查HASH值并处理
2023-06-27 17:21:50,496 - INFO - 网站未变更，等待下次检测
2023-06-27 17:21:53,704 - INFO - 获取网页HASH值
2023-06-27 17:21:53,704 - INFO - 检查HASH值并处理
2023-06-27 17:21:53,704 - INFO - 网站未变更，等待下次检测
2023-06-28 14:44:03,128 - INFO - 启动网站内容安全智能监控系统
2023-06-28 14:44:03,129 - INFO - 开始监控http://120.76.55.186/test
2023-06-28 14:44:03,129 - INFO - 提取URL中的域名作为文件夹名称
2023-06-28 14:44:03,129 - INFO - 创建域名文件夹
2023-06-28 14:44:03,696 - INFO - 获取网页HASH值
2023-06-28 14:44:03,697 - INFO - 检查HASH值并处理
2023-06-28 14:44:03,697 - INFO - 保存当前的HASH值到文件
2023-06-28 14:44:03,697 - INFO - 创建时间和HASH值命名的文件夹
2023-06-28 14:44:04,313 - INFO - 保存源码文件
2023-06-28 14:44:04,314 - INFO - 保存文本文件
2023-06-28 14:44:04,320 - INFO - 进行敏感词检测
2023-06-28 14:44:04,320 - INFO - 加载敏感词列表
2023-06-28 14:44:04,320 - INFO - 开始检测敏感词
2023-06-28 14:44:04,320 - INFO - 文本中未包含敏感词
2023-06-28 14:44:04,320 - INFO - 保存源码中的链接和网页中的所有链接
2023-06-28 14:44:04,323 - INFO - 开始检测暗链
2023-06-28 14:44:04,323 - INFO - 开始检测暗链
2023-06-28 14:44:04,324 - INFO - 读取暗链白名单列表
2023-06-28 14:44:04,324 - INFO - 未检测到暗链
2023-06-28 14:44:04,324 - INFO - 开始获取网页内容
2023-06-28 14:49:04,950 - INFO - 获取网页HASH值
2023-06-28 14:49:04,950 - INFO - 检查HASH值并处理
2023-06-28 14:49:04,961 - INFO - 网站未变更，等待下次检测
2023-06-28 14:54:05,585 - INFO - 获取网页HASH值
2023-06-28 14:54:05,589 - INFO - 检查HASH值并处理
2023-06-28 14:54:05,590 - INFO - 网站未变更，等待下次检测
2023-06-28 14:54:54,059 - INFO - 启动网站内容安全智能监控系统
2023-06-28 14:54:54,059 - INFO - 开始监控http://120.76.55.186/test
2023-06-28 14:54:54,059 - INFO - 提取URL中的域名作为文件夹名称
2023-06-28 14:54:54,631 - INFO - 获取网页HASH值
2023-06-28 14:54:54,631 - INFO - 检查HASH值并处理
2023-06-28 14:54:54,632 - INFO - 网站未变更，等待下次检测
2023-06-28 14:59:55,276 - INFO - 获取网页HASH值
2023-06-28 14:59:55,278 - INFO - 检查HASH值并处理
2023-06-28 14:59:55,279 - INFO - 网站未变更，等待下次检测
2023-06-28 15:04:55,958 - INFO - 获取网页HASH值
2023-06-28 15:04:55,960 - INFO - 检查HASH值并处理
2023-06-28 15:04:55,962 - INFO - 网站未变更，等待下次检测
2023-06-28 15:15:59,030 - INFO - 启动网站内容安全智能监控系统
2023-06-28 15:15:59,030 - INFO - 开始监控http://120.76.55.186/test
2023-06-28 15:15:59,031 - INFO - 提取URL中的域名作为文件夹名称
2023-06-28 15:15:59,611 - INFO - 获取网页HASH值
2023-06-28 15:15:59,612 - INFO - 检查HASH值并处理
2023-06-28 15:15:59,614 - INFO - 保存当前的HASH值到文件
2023-06-28 15:15:59,615 - INFO - 创建时间和HASH值命名的文件夹
2023-06-28 15:16:00,224 - INFO - 保存源码文件
2023-06-28 15:16:00,225 - INFO - 保存文本文件
2023-06-28 15:16:00,233 - INFO - 进行敏感词检测
2023-06-28 15:16:00,233 - INFO - 加载敏感词列表
2023-06-28 15:16:00,233 - INFO - 开始检测敏感词
2023-06-28 15:16:00,233 - INFO - 文本中未包含敏感词
2023-06-28 15:16:00,233 - INFO - 保存源码中的链接和网页中的所有链接
2023-06-28 15:16:00,239 - INFO - 开始检测暗链
2023-06-28 15:16:00,239 - INFO - 开始检测暗链
2023-06-28 15:16:00,239 - INFO - 读取暗链白名单列表
2023-06-28 15:16:00,239 - INFO - 未检测到暗链
2023-06-28 15:16:00,239 - INFO - 开始获取网页内容
2023-06-28 15:21:00,856 - INFO - 获取网页HASH值
2023-06-28 15:21:00,857 - INFO - 检查HASH值并处理
2023-06-28 15:21:00,858 - INFO - 网站未变更，等待下次检测
2023-06-28 15:26:01,503 - INFO - 获取网页HASH值
2023-06-28 15:26:01,505 - INFO - 检查HASH值并处理
2023-06-28 15:26:01,506 - INFO - 网站未变更，等待下次检测
2023-06-28 15:31:02,142 - INFO - 获取网页HASH值
2023-06-28 15:31:02,144 - INFO - 检查HASH值并处理
2023-06-28 15:31:02,145 - INFO - 网站未变更，等待下次检测
2023-06-28 15:36:14,520 - INFO - 获取网页HASH值
2023-06-28 15:36:14,521 - INFO - 检查HASH值并处理
2023-06-28 15:36:14,522 - INFO - 网站未变更，等待下次检测
2023-06-28 15:41:15,095 - INFO - 获取网页HASH值
2023-06-28 15:41:15,098 - INFO - 检查HASH值并处理
2023-06-28 15:41:15,099 - INFO - 网站未变更，等待下次检测
2023-06-28 15:46:15,748 - INFO - 获取网页HASH值
2023-06-28 15:46:15,750 - INFO - 检查HASH值并处理
2023-06-28 15:46:15,751 - INFO - 网站未变更，等待下次检测
2023-06-28 15:51:16,398 - INFO - 获取网页HASH值
2023-06-28 15:51:16,400 - INFO - 检查HASH值并处理
2023-06-28 15:51:16,401 - INFO - 网站未变更，等待下次检测
2023-06-28 15:56:17,050 - INFO - 获取网页HASH值
2023-06-28 15:56:17,057 - INFO - 检查HASH值并处理
2023-06-28 15:56:17,059 - INFO - 网站未变更，等待下次检测
2023-06-28 16:01:17,337 - INFO - 获取网页HASH值
2023-06-28 16:01:17,338 - INFO - 检查HASH值并处理
2023-06-28 16:01:17,339 - INFO - 网站未变更，等待下次检测
2023-06-28 16:04:05,110 - INFO - 启动网站内容安全智能监控系统
2023-06-28 16:04:05,110 - INFO - 开始监控http://120.76.55.186/test
2023-06-28 16:04:05,110 - INFO - 提取URL中的域名作为文件夹名称
2023-06-28 16:04:05,380 - INFO - 获取网页HASH值
2023-06-28 16:04:05,380 - INFO - 检查HASH值并处理
2023-06-28 16:04:05,381 - INFO - 网站未变更，等待下次检测
2023-06-28 16:04:23,123 - INFO - 启动网站内容安全智能监控系统
2023-06-28 16:04:23,123 - INFO - 开始监控http://120.76.55.186/test
2023-06-28 16:04:23,123 - INFO - 提取URL中的域名作为文件夹名称
2023-06-28 16:04:23,377 - INFO - 获取网页HASH值
2023-06-28 16:04:23,378 - INFO - 检查HASH值并处理
2023-06-28 16:04:23,379 - INFO - 保存当前的HASH值到文件
2023-06-28 16:04:23,380 - INFO - 创建时间和HASH值命名的文件夹
2023-06-28 16:04:23,620 - INFO - 保存源码文件
2023-06-28 16:04:23,620 - INFO - 保存文本文件
2023-06-28 16:04:23,626 - INFO - 进行敏感词检测
2023-06-28 16:04:23,626 - INFO - 加载敏感词列表
2023-06-28 16:04:23,626 - INFO - 开始检测敏感词
2023-06-28 16:04:23,627 - INFO - 加班: 1 次
2023-06-28 16:04:23,627 - INFO - 熬夜: 1 次
2023-06-28 16:04:23,627 - INFO - 吃药: 1 次
2023-06-28 16:04:23,627 - INFO - 救命: 1 次
2023-06-28 16:04:23,627 - INFO - 抢救无效: 1 次
2023-06-28 16:04:23,627 - INFO - 去世: 1 次
2023-06-28 16:04:23,627 - INFO - 拒绝工作: 1 次
2023-06-28 16:04:23,627 - INFO - 快乐游戏: 1 次
2023-06-28 16:04:23,627 - INFO - 保存源码中的链接和网页中的所有链接
2023-06-28 16:04:23,632 - INFO - 开始检测暗链
2023-06-28 16:04:23,632 - INFO - 开始检测暗链
2023-06-28 16:04:23,632 - INFO - 读取暗链白名单列表
2023-06-28 16:04:23,632 - INFO - 检测到网站存在以下暗链地址：
https://show.18sucai.com/preview/2240753/2021-08-12/%E5%8D%83%E4%B8%8E%E5%8D%83%E5%AF%BB/view6.html
2023-06-28 16:04:23,632 - INFO - 开始获取网页内容
2023-06-28 16:04:23,634 - INFO - 检测到新文件: report_20230628160423.txt
2023-06-28 16:04:25,180 - INFO - 告警邮件发送成功
2023-06-28 16:35:01,829 - INFO - 启动网站内容安全智能监控系统
2023-06-28 16:35:01,829 - INFO - 开始监控http://120.76.55.186/test
2023-06-28 16:35:01,829 - INFO - 提取URL中的域名作为文件夹名称
2023-06-28 16:35:02,089 - INFO - 获取网页HASH值
2023-06-28 16:35:02,089 - INFO - 检查HASH值并处理
2023-06-28 16:35:02,090 - INFO - 网站未变更，等待下次检测
2023-06-28 16:35:31,263 - INFO - 启动网站内容安全智能监控系统
2023-06-28 16:35:31,264 - INFO - 开始监控http://120.76.55.186/test
2023-06-28 16:35:31,264 - INFO - 提取URL中的域名作为文件夹名称
2023-06-28 16:35:31,511 - INFO - 获取网页HASH值
2023-06-28 16:35:31,511 - INFO - 检查HASH值并处理
2023-06-28 16:35:31,513 - INFO - 保存当前的HASH值到文件
2023-06-28 16:35:31,513 - INFO - 创建时间和HASH值命名的文件夹
2023-06-28 16:35:31,701 - INFO - 保存源码文件
2023-06-28 16:35:31,703 - INFO - 保存文本文件
2023-06-28 16:35:31,713 - INFO - 进行敏感词检测
2023-06-28 16:35:31,713 - INFO - 加载敏感词列表
2023-06-28 16:35:31,713 - INFO - 开始检测敏感词
2023-06-28 16:35:31,714 - INFO - 加班: 1 次
2023-06-28 16:35:31,714 - INFO - 熬夜: 1 次
2023-06-28 16:35:31,714 - INFO - 吃药: 1 次
2023-06-28 16:35:31,714 - INFO - 救命: 1 次
2023-06-28 16:35:31,714 - INFO - 抢救无效: 1 次
2023-06-28 16:35:31,714 - INFO - 去世: 1 次
2023-06-28 16:35:31,714 - INFO - 拒绝工作: 1 次
2023-06-28 16:35:31,714 - INFO - 快乐游戏: 1 次
2023-06-28 16:35:31,714 - INFO - 保存源码中的链接和网页中的所有链接
2023-06-28 16:35:31,720 - INFO - 开始检测暗链
2023-06-28 16:35:31,721 - INFO - 开始检测暗链
2023-06-28 16:35:31,723 - INFO - 读取暗链白名单列表
2023-06-28 16:35:31,723 - INFO - 检测到网站存在以下暗链地址：
http://120.76.55.186/baidu.com
2023-06-28 16:35:31,724 - INFO - 开始获取网页内容
2023-06-28 16:35:31,725 - INFO - 检测到新文件: report_20230628163531.txt
2023-06-28 16:35:33,291 - INFO - 告警邮件发送成功
2023-06-28 16:40:36,733 - INFO - 获取网页HASH值
2023-06-28 16:40:36,735 - INFO - 检查HASH值并处理
2023-06-28 16:40:36,736 - INFO - 网站未变更，等待下次检测
2023-06-28 16:45:37,106 - INFO - 获取网页HASH值
2023-06-28 16:45:37,109 - INFO - 检查HASH值并处理
2023-06-28 16:45:37,110 - INFO - 网站未变更，等待下次检测
2023-06-28 16:46:26,804 - INFO - 启动网站内容安全智能监控系统
2023-06-28 16:46:26,804 - INFO - 开始监控http://120.76.55.186/test
2023-06-28 16:46:26,804 - INFO - 提取URL中的域名作为文件夹名称
2023-06-28 16:46:27,018 - INFO - 获取网页HASH值
2023-06-28 16:46:27,018 - INFO - 检查HASH值并处理
2023-06-28 16:46:27,020 - INFO - 保存当前的HASH值到文件
2023-06-28 16:46:27,021 - INFO - 创建时间和HASH值命名的文件夹
2023-06-28 16:46:27,302 - INFO - 保存源码文件
2023-06-28 16:46:27,306 - INFO - 保存文本文件
2023-06-28 16:46:27,315 - INFO - 进行敏感词检测
2023-06-28 16:46:27,315 - INFO - 加载敏感词列表
2023-06-28 16:46:27,315 - INFO - 开始检测敏感词
2023-06-28 16:46:27,316 - INFO - 加班: 1 次
2023-06-28 16:46:27,316 - INFO - 熬夜: 1 次
2023-06-28 16:46:27,316 - INFO - 吃药: 1 次
2023-06-28 16:46:27,316 - INFO - 救命: 1 次
2023-06-28 16:46:27,316 - INFO - 抢救无效: 1 次
2023-06-28 16:46:27,316 - INFO - 去世: 1 次
2023-06-28 16:46:27,316 - INFO - 拒绝工作: 1 次
2023-06-28 16:46:27,316 - INFO - 快乐游戏: 1 次
2023-06-28 16:46:27,316 - INFO - 保存源码中的链接和网页中的所有链接
2023-06-28 16:46:27,321 - INFO - 开始检测暗链
2023-06-28 16:46:27,321 - INFO - 开始检测暗链
2023-06-28 16:46:27,322 - INFO - 读取暗链白名单列表
2023-06-28 16:46:27,322 - INFO - 检测到网站存在以下暗链地址：
http://120.76.55.186/baidu.com
2023-06-28 16:46:27,323 - INFO - 开始获取网页内容
2023-06-28 16:46:27,324 - INFO - 检测到新文件: report_20230628164627.txt
2023-06-28 16:46:29,049 - INFO - 告警邮件发送成功
2023-06-28 16:51:29,372 - INFO - 获取网页HASH值
2023-06-28 16:51:29,375 - INFO - 检查HASH值并处理
2023-06-28 16:51:29,376 - INFO - 网站未变更，等待下次检测
2023-06-28 16:56:31,584 - INFO - 获取网页HASH值
2023-06-28 16:56:31,586 - INFO - 检查HASH值并处理
2023-06-28 16:56:31,588 - INFO - 网站未变更，等待下次检测
2023-06-28 17:01:31,986 - INFO - 获取网页HASH值
2023-06-28 17:01:31,988 - INFO - 检查HASH值并处理
2023-06-28 17:01:31,989 - INFO - 网站未变更，等待下次检测
2023-06-28 17:06:32,390 - INFO - 获取网页HASH值
2023-06-28 17:06:32,391 - INFO - 检查HASH值并处理
2023-06-28 17:06:32,392 - INFO - 网站未变更，等待下次检测
2023-06-28 17:11:32,666 - INFO - 获取网页HASH值
2023-06-28 17:11:32,668 - INFO - 检查HASH值并处理
2023-06-28 17:11:32,669 - INFO - 网站未变更，等待下次检测
2023-06-28 17:16:32,959 - INFO - 获取网页HASH值
2023-06-28 17:16:32,960 - INFO - 检查HASH值并处理
2023-06-28 17:16:32,961 - INFO - 网站未变更，等待下次检测
2023-06-28 17:21:33,213 - INFO - 获取网页HASH值
2023-06-28 17:21:33,214 - INFO - 检查HASH值并处理
2023-06-28 17:21:33,215 - INFO - 网站未变更，等待下次检测
2023-06-28 17:26:33,506 - INFO - 获取网页HASH值
2023-06-28 17:26:33,508 - INFO - 检查HASH值并处理
2023-06-28 17:26:33,509 - INFO - 网站未变更，等待下次检测
2023-06-28 17:31:33,762 - INFO - 获取网页HASH值
2023-06-28 17:31:33,764 - INFO - 检查HASH值并处理
2023-06-28 17:31:33,764 - INFO - 网站未变更，等待下次检测
2023-06-28 17:36:33,991 - INFO - 获取网页HASH值
2023-06-28 17:36:33,993 - INFO - 检查HASH值并处理
2023-06-28 17:36:33,994 - INFO - 网站未变更，等待下次检测
2023-06-28 17:41:34,269 - INFO - 获取网页HASH值
2023-06-28 17:41:34,272 - INFO - 检查HASH值并处理
2023-06-28 17:41:34,273 - INFO - 网站未变更，等待下次检测
2023-06-28 17:46:34,515 - INFO - 获取网页HASH值
2023-06-28 17:46:34,517 - INFO - 检查HASH值并处理
2023-06-28 17:46:34,518 - INFO - 网站未变更，等待下次检测
2023-06-28 17:51:36,439 - INFO - 获取网页HASH值
2023-06-28 17:51:36,441 - INFO - 检查HASH值并处理
2023-06-28 17:51:36,442 - INFO - 网站未变更，等待下次检测
2023-06-28 17:56:36,681 - INFO - 获取网页HASH值
2023-06-28 17:56:36,684 - INFO - 检查HASH值并处理
2023-06-28 17:56:36,685 - INFO - 网站未变更，等待下次检测
2023-06-28 18:01:37,002 - INFO - 获取网页HASH值
2023-06-28 18:01:37,004 - INFO - 检查HASH值并处理
2023-06-28 18:01:37,006 - INFO - 网站未变更，等待下次检测
2023-06-28 18:06:37,288 - INFO - 获取网页HASH值
2023-06-28 18:06:37,289 - INFO - 检查HASH值并处理
2023-06-28 18:06:37,290 - INFO - 网站未变更，等待下次检测
2023-06-28 19:41:42,670 - INFO - 获取网页HASH值
2023-06-28 19:41:42,672 - INFO - 检查HASH值并处理
2023-06-28 19:41:42,673 - INFO - 网站未变更，等待下次检测
2023-06-28 19:46:42,830 - INFO - 获取网页HASH值
2023-06-28 19:46:42,832 - INFO - 检查HASH值并处理
2023-06-28 19:46:42,834 - INFO - 网站未变更，等待下次检测
2023-06-28 19:51:42,986 - INFO - 获取网页HASH值
2023-06-28 19:51:42,988 - INFO - 检查HASH值并处理
2023-06-28 19:51:42,988 - INFO - 网站未变更，等待下次检测
2023-06-28 19:56:43,144 - INFO - 获取网页HASH值
2023-06-28 19:56:43,146 - INFO - 检查HASH值并处理
2023-06-28 19:56:43,148 - INFO - 网站未变更，等待下次检测
2023-06-28 20:01:43,277 - INFO - 获取网页HASH值
2023-06-28 20:01:43,279 - INFO - 检查HASH值并处理
2023-06-28 20:01:43,281 - INFO - 网站未变更，等待下次检测
